<?xml version="1.0" encoding="UTF-8"?>
<testsuite xmlns:xsi="http://www.w3.org/2001/XMLSchema-instance" xsi:noNamespaceSchemaLocation="https://maven.apache.org/surefire/maven-surefire-plugin/xsd/surefire-test-report.xsd" version="3.0.2" name="ru.perevalov.gamerecommenderai.service.UserServiceTest" time="0.162" tests="4" errors="0" skipped="0" failures="0">
  <properties>
    <property name="java.specification.version" value="21"/>
    <property name="sun.cpu.isalist" value="amd64"/>
    <property name="sun.jnu.encoding" value="Cp1252"/>
    <property name="java.class.path" value="C:\Users\serge\IdeaProjects\GameRecommenderApp\game-recommender-ai\services\backend\target\test-classes;C:\Users\serge\IdeaProjects\GameRecommenderApp\game-recommender-ai\services\backend\target\classes;C:\Users\serge\.m2\repository\org\springframework\boot\spring-boot-starter-data-jpa\3.5.5\spring-boot-starter-data-jpa-3.5.5.jar;C:\Users\serge\.m2\repository\org\springframework\boot\spring-boot-starter\3.5.5\spring-boot-starter-3.5.5.jar;C:\Users\serge\.m2\repository\org\springframework\boot\spring-boot\3.5.5\spring-boot-3.5.5.jar;C:\Users\serge\.m2\repository\org\springframework\boot\spring-boot-autoconfigure\3.5.5\spring-boot-autoconfigure-3.5.5.jar;C:\Users\serge\.m2\repository\org\springframework\boot\spring-boot-starter-logging\3.5.5\spring-boot-starter-logging-3.5.5.jar;C:\Users\serge\.m2\repository\ch\qos\logback\logback-classic\1.5.18\logback-classic-1.5.18.jar;C:\Users\serge\.m2\repository\ch\qos\logback\logback-core\1.5.18\logback-core-1.5.18.jar;C:\Users\serge\.m2\repository\org\apache\logging\log4j\log4j-to-slf4j\2.24.3\log4j-to-slf4j-2.24.3.jar;C:\Users\serge\.m2\repository\org\apache\logging\log4j\log4j-api\2.24.3\log4j-api-2.24.3.jar;C:\Users\serge\.m2\repository\org\slf4j\jul-to-slf4j\2.0.17\jul-to-slf4j-2.0.17.jar;C:\Users\serge\.m2\repository\jakarta\annotation\jakarta.annotation-api\2.1.1\jakarta.annotation-api-2.1.1.jar;C:\Users\serge\.m2\repository\org\yaml\snakeyaml\2.4\snakeyaml-2.4.jar;C:\Users\serge\.m2\repository\org\springframework\boot\spring-boot-starter-jdbc\3.5.5\spring-boot-starter-jdbc-3.5.5.jar;C:\Users\serge\.m2\repository\com\zaxxer\HikariCP\6.3.2\HikariCP-6.3.2.jar;C:\Users\serge\.m2\repository\org\springframework\spring-jdbc\6.2.10\spring-jdbc-6.2.10.jar;C:\Users\serge\.m2\repository\org\hibernate\orm\hibernate-core\6.6.26.Final\hibernate-core-6.6.26.Final.jar;C:\Users\serge\.m2\repository\jakarta\persistence\jakarta.persistence-api\3.1.0\jakarta.persistence-api-3.1.0.jar;C:\Users\serge\.m2\repository\jakarta\transaction\jakarta.transaction-api\2.0.1\jakarta.transaction-api-2.0.1.jar;C:\Users\serge\.m2\repository\org\jboss\logging\jboss-logging\3.6.1.Final\jboss-logging-3.6.1.Final.jar;C:\Users\serge\.m2\repository\org\hibernate\common\hibernate-commons-annotations\7.0.3.Final\hibernate-commons-annotations-7.0.3.Final.jar;C:\Users\serge\.m2\repository\io\smallrye\jandex\3.2.0\jandex-3.2.0.jar;C:\Users\serge\.m2\repository\com\fasterxml\classmate\1.7.0\classmate-1.7.0.jar;C:\Users\serge\.m2\repository\net\bytebuddy\byte-buddy\1.17.7\byte-buddy-1.17.7.jar;C:\Users\serge\.m2\repository\org\glassfish\jaxb\jaxb-runtime\4.0.5\jaxb-runtime-4.0.5.jar;C:\Users\serge\.m2\repository\org\glassfish\jaxb\jaxb-core\4.0.5\jaxb-core-4.0.5.jar;C:\Users\serge\.m2\repository\org\eclipse\angus\angus-activation\2.0.2\angus-activation-2.0.2.jar;C:\Users\serge\.m2\repository\org\glassfish\jaxb\txw2\4.0.5\txw2-4.0.5.jar;C:\Users\serge\.m2\repository\com\sun\istack\istack-commons-runtime\4.1.2\istack-commons-runtime-4.1.2.jar;C:\Users\serge\.m2\repository\org\antlr\antlr4-runtime\4.13.0\antlr4-runtime-4.13.0.jar;C:\Users\serge\.m2\repository\org\springframework\data\spring-data-jpa\3.5.3\spring-data-jpa-3.5.3.jar;C:\Users\serge\.m2\repository\org\springframework\data\spring-data-commons\3.5.3\spring-data-commons-3.5.3.jar;C:\Users\serge\.m2\repository\org\springframework\spring-orm\6.2.10\spring-orm-6.2.10.jar;C:\Users\serge\.m2\repository\org\springframework\spring-context\6.2.10\spring-context-6.2.10.jar;C:\Users\serge\.m2\repository\org\springframework\spring-tx\6.2.10\spring-tx-6.2.10.jar;C:\Users\serge\.m2\repository\org\springframework\spring-beans\6.2.10\spring-beans-6.2.10.jar;C:\Users\serge\.m2\repository\org\slf4j\slf4j-api\2.0.17\slf4j-api-2.0.17.jar;C:\Users\serge\.m2\repository\org\springframework\spring-aspects\6.2.10\spring-aspects-6.2.10.jar;C:\Users\serge\.m2\repository\org\aspectj\aspectjweaver\1.9.24\aspectjweaver-1.9.24.jar;C:\Users\serge\.m2\repository\org\springframework\boot\spring-boot-starter-web\3.5.5\spring-boot-starter-web-3.5.5.jar;C:\Users\serge\.m2\repository\org\springframework\boot\spring-boot-starter-json\3.5.5\spring-boot-starter-json-3.5.5.jar;C:\Users\serge\.m2\repository\com\fasterxml\jackson\datatype\jackson-datatype-jdk8\2.19.2\jackson-datatype-jdk8-2.19.2.jar;C:\Users\serge\.m2\repository\com\fasterxml\jackson\datatype\jackson-datatype-jsr310\2.19.2\jackson-datatype-jsr310-2.19.2.jar;C:\Users\serge\.m2\repository\com\fasterxml\jackson\module\jackson-module-parameter-names\2.19.2\jackson-module-parameter-names-2.19.2.jar;C:\Users\serge\.m2\repository\org\springframework\boot\spring-boot-starter-tomcat\3.5.5\spring-boot-starter-tomcat-3.5.5.jar;C:\Users\serge\.m2\repository\org\apache\tomcat\embed\tomcat-embed-core\10.1.44\tomcat-embed-core-10.1.44.jar;C:\Users\serge\.m2\repository\org\apache\tomcat\embed\tomcat-embed-websocket\10.1.44\tomcat-embed-websocket-10.1.44.jar;C:\Users\serge\.m2\repository\org\springframework\spring-web\6.2.10\spring-web-6.2.10.jar;C:\Users\serge\.m2\repository\org\springframework\spring-webmvc\6.2.10\spring-webmvc-6.2.10.jar;C:\Users\serge\.m2\repository\org\springframework\spring-expression\6.2.10\spring-expression-6.2.10.jar;C:\Users\serge\.m2\repository\org\springframework\boot\spring-boot-starter-security\3.5.5\spring-boot-starter-security-3.5.5.jar;C:\Users\serge\.m2\repository\org\springframework\spring-aop\6.2.10\spring-aop-6.2.10.jar;C:\Users\serge\.m2\repository\org\springframework\security\spring-security-config\6.5.3\spring-security-config-6.5.3.jar;C:\Users\serge\.m2\repository\org\springframework\security\spring-security-web\6.5.3\spring-security-web-6.5.3.jar;C:\Users\serge\.m2\repository\io\lettuce\lettuce-core\6.4.0.RELEASE\lettuce-core-6.4.0.RELEASE.jar;C:\Users\serge\.m2\repository\io\netty\netty-common\4.1.124.Final\netty-common-4.1.124.Final.jar;C:\Users\serge\.m2\repository\io\netty\netty-handler\4.1.124.Final\netty-handler-4.1.124.Final.jar;C:\Users\serge\.m2\repository\io\netty\netty-resolver\4.1.124.Final\netty-resolver-4.1.124.Final.jar;C:\Users\serge\.m2\repository\io\netty\netty-buffer\4.1.124.Final\netty-buffer-4.1.124.Final.jar;C:\Users\serge\.m2\repository\io\netty\netty-transport-native-unix-common\4.1.124.Final\netty-transport-native-unix-common-4.1.124.Final.jar;C:\Users\serge\.m2\repository\io\netty\netty-codec\4.1.124.Final\netty-codec-4.1.124.Final.jar;C:\Users\serge\.m2\repository\io\netty\netty-transport\4.1.124.Final\netty-transport-4.1.124.Final.jar;C:\Users\serge\.m2\repository\io\projectreactor\reactor-core\3.7.9\reactor-core-3.7.9.jar;C:\Users\serge\.m2\repository\org\reactivestreams\reactive-streams\1.0.4\reactive-streams-1.0.4.jar;C:\Users\serge\.m2\repository\com\h2database\h2\2.3.232\h2-2.3.232.jar;C:\Users\serge\.m2\repository\org\springframework\boot\spring-boot-starter-webflux\3.5.5\spring-boot-starter-webflux-3.5.5.jar;C:\Users\serge\.m2\repository\org\springframework\boot\spring-boot-starter-reactor-netty\3.5.5\spring-boot-starter-reactor-netty-3.5.5.jar;C:\Users\serge\.m2\repository\io\projectreactor\netty\reactor-netty-http\1.2.9\reactor-netty-http-1.2.9.jar;C:\Users\serge\.m2\repository\io\netty\netty-codec-http\4.1.124.Final\netty-codec-http-4.1.124.Final.jar;C:\Users\serge\.m2\repository\io\netty\netty-codec-http2\4.1.124.Final\netty-codec-http2-4.1.124.Final.jar;C:\Users\serge\.m2\repository\io\netty\netty-resolver-dns\4.1.124.Final\netty-resolver-dns-4.1.124.Final.jar;C:\Users\serge\.m2\repository\io\netty\netty-codec-dns\4.1.124.Final\netty-codec-dns-4.1.124.Final.jar;C:\Users\serge\.m2\repository\io\netty\netty-resolver-dns-native-macos\4.1.124.Final\netty-resolver-dns-native-macos-4.1.124.Final-osx-x86_64.jar;C:\Users\serge\.m2\repository\io\netty\netty-resolver-dns-classes-macos\4.1.124.Final\netty-resolver-dns-classes-macos-4.1.124.Final.jar;C:\Users\serge\.m2\repository\io\netty\netty-transport-native-epoll\4.1.124.Final\netty-transport-native-epoll-4.1.124.Final-linux-x86_64.jar;C:\Users\serge\.m2\repository\io\netty\netty-transport-classes-epoll\4.1.124.Final\netty-transport-classes-epoll-4.1.124.Final.jar;C:\Users\serge\.m2\repository\io\projectreactor\netty\reactor-netty-core\1.2.9\reactor-netty-core-1.2.9.jar;C:\Users\serge\.m2\repository\io\netty\netty-handler-proxy\4.1.124.Final\netty-handler-proxy-4.1.124.Final.jar;C:\Users\serge\.m2\repository\io\netty\netty-codec-socks\4.1.124.Final\netty-codec-socks-4.1.124.Final.jar;C:\Users\serge\.m2\repository\org\springframework\spring-webflux\6.2.10\spring-webflux-6.2.10.jar;C:\Users\serge\.m2\repository\org\springframework\boot\spring-boot-starter-actuator\3.5.5\spring-boot-starter-actuator-3.5.5.jar;C:\Users\serge\.m2\repository\org\springframework\boot\spring-boot-actuator-autoconfigure\3.5.5\spring-boot-actuator-autoconfigure-3.5.5.jar;C:\Users\serge\.m2\repository\org\springframework\boot\spring-boot-actuator\3.5.5\spring-boot-actuator-3.5.5.jar;C:\Users\serge\.m2\repository\io\micrometer\micrometer-observation\1.15.3\micrometer-observation-1.15.3.jar;C:\Users\serge\.m2\repository\io\micrometer\micrometer-commons\1.15.3\micrometer-commons-1.15.3.jar;C:\Users\serge\.m2\repository\io\micrometer\micrometer-jakarta9\1.15.3\micrometer-jakarta9-1.15.3.jar;C:\Users\serge\.m2\repository\io\micrometer\micrometer-registry-prometheus\1.15.3\micrometer-registry-prometheus-1.15.3.jar;C:\Users\serge\.m2\repository\io\micrometer\micrometer-core\1.15.3\micrometer-core-1.15.3.jar;C:\Users\serge\.m2\repository\org\hdrhistogram\HdrHistogram\2.2.2\HdrHistogram-2.2.2.jar;C:\Users\serge\.m2\repository\org\latencyutils\LatencyUtils\2.0.3\LatencyUtils-2.0.3.jar;C:\Users\serge\.m2\repository\io\prometheus\prometheus-metrics-core\1.3.10\prometheus-metrics-core-1.3.10.jar;C:\Users\serge\.m2\repository\io\prometheus\prometheus-metrics-model\1.3.10\prometheus-metrics-model-1.3.10.jar;C:\Users\serge\.m2\repository\io\prometheus\prometheus-metrics-config\1.3.10\prometheus-metrics-config-1.3.10.jar;C:\Users\serge\.m2\repository\io\prometheus\prometheus-metrics-tracer-common\1.3.10\prometheus-metrics-tracer-common-1.3.10.jar;C:\Users\serge\.m2\repository\io\prometheus\prometheus-metrics-exposition-formats\1.3.10\prometheus-metrics-exposition-formats-1.3.10.jar;C:\Users\serge\.m2\repository\io\prometheus\prometheus-metrics-exposition-textformats\1.3.10\prometheus-metrics-exposition-textformats-1.3.10.jar;C:\Users\serge\.m2\repository\net\devh\grpc-client-spring-boot-starter\3.1.0.RELEASE\grpc-client-spring-boot-starter-3.1.0.RELEASE.jar;C:\Users\serge\.m2\repository\net\devh\grpc-common-spring-boot\3.1.0.RELEASE\grpc-common-spring-boot-3.1.0.RELEASE.jar;C:\Users\serge\.m2\repository\io\grpc\grpc-core\1.63.0\grpc-core-1.63.0.jar;C:\Users\serge\.m2\repository\com\google\code\gson\gson\2.13.1\gson-2.13.1.jar;C:\Users\serge\.m2\repository\com\google\android\annotations\4.1.1.4\annotations-4.1.1.4.jar;C:\Users\serge\.m2\repository\org\codehaus\mojo\animal-sniffer-annotations\1.23\animal-sniffer-annotations-1.23.jar;C:\Users\serge\.m2\repository\io\grpc\grpc-context\1.63.0\grpc-context-1.63.0.jar;C:\Users\serge\.m2\repository\jakarta\validation\jakarta.validation-api\3.0.2\jakarta.validation-api-3.0.2.jar;C:\Users\serge\.m2\repository\io\grpc\grpc-inprocess\1.63.0\grpc-inprocess-1.63.0.jar;C:\Users\serge\.m2\repository\io\grpc\grpc-api\1.63.0\grpc-api-1.63.0.jar;C:\Users\serge\.m2\repository\com\google\guava\guava\32.1.3-android\guava-32.1.3-android.jar;C:\Users\serge\.m2\repository\com\google\guava\failureaccess\1.0.1\failureaccess-1.0.1.jar;C:\Users\serge\.m2\repository\com\google\guava\listenablefuture\9999.0-empty-to-avoid-conflict-with-guava\listenablefuture-9999.0-empty-to-avoid-conflict-with-guava.jar;C:\Users\serge\.m2\repository\com\google\j2objc\j2objc-annotations\2.8\j2objc-annotations-2.8.jar;C:\Users\serge\.m2\repository\io\grpc\grpc-netty-shaded\1.63.0\grpc-netty-shaded-1.63.0.jar;C:\Users\serge\.m2\repository\io\grpc\grpc-util\1.63.0\grpc-util-1.63.0.jar;C:\Users\serge\.m2\repository\io\perfmark\perfmark-api\0.26.0\perfmark-api-0.26.0.jar;C:\Users\serge\.m2\repository\io\grpc\grpc-protobuf\1.63.0\grpc-protobuf-1.63.0.jar;C:\Users\serge\.m2\repository\com\google\code\findbugs\jsr305\3.0.2\jsr305-3.0.2.jar;C:\Users\serge\.m2\repository\com\google\protobuf\protobuf-java\4.28.2\protobuf-java-4.28.2.jar;C:\Users\serge\.m2\repository\com\google\api\grpc\proto-google-common-protos\2.29.0\proto-google-common-protos-2.29.0.jar;C:\Users\serge\.m2\repository\io\grpc\grpc-protobuf-lite\1.63.0\grpc-protobuf-lite-1.63.0.jar;C:\Users\serge\.m2\repository\io\grpc\grpc-stub\1.63.0\grpc-stub-1.63.0.jar;C:\Users\serge\.m2\repository\org\springframework\boot\spring-boot-starter-validation\3.5.5\spring-boot-starter-validation-3.5.5.jar;C:\Users\serge\.m2\repository\org\apache\tomcat\embed\tomcat-embed-el\10.1.44\tomcat-embed-el-10.1.44.jar;C:\Users\serge\.m2\repository\org\hibernate\validator\hibernate-validator\8.0.3.Final\hibernate-validator-8.0.3.Final.jar;C:\Users\serge\.m2\repository\javax\annotation\javax.annotation-api\1.3.2\javax.annotation-api-1.3.2.jar;C:\Users\serge\.m2\repository\org\projectlombok\lombok\1.18.38\lombok-1.18.38.jar;C:\Users\serge\.m2\repository\org\springframework\boot\spring-boot-starter-test\3.5.5\spring-boot-starter-test-3.5.5.jar;C:\Users\serge\.m2\repository\org\springframework\boot\spring-boot-test\3.5.5\spring-boot-test-3.5.5.jar;C:\Users\serge\.m2\repository\org\springframework\boot\spring-boot-test-autoconfigure\3.5.5\spring-boot-test-autoconfigure-3.5.5.jar;C:\Users\serge\.m2\repository\com\jayway\jsonpath\json-path\2.9.0\json-path-2.9.0.jar;C:\Users\serge\.m2\repository\jakarta\xml\bind\jakarta.xml.bind-api\4.0.2\jakarta.xml.bind-api-4.0.2.jar;C:\Users\serge\.m2\repository\jakarta\activation\jakarta.activation-api\2.1.3\jakarta.activation-api-2.1.3.jar;C:\Users\serge\.m2\repository\net\minidev\json-smart\2.5.2\json-smart-2.5.2.jar;C:\Users\serge\.m2\repository\net\minidev\accessors-smart\2.5.2\accessors-smart-2.5.2.jar;C:\Users\serge\.m2\repository\org\ow2\asm\asm\9.7.1\asm-9.7.1.jar;C:\Users\serge\.m2\repository\org\assertj\assertj-core\3.27.4\assertj-core-3.27.4.jar;C:\Users\serge\.m2\repository\org\awaitility\awaitility\4.2.2\awaitility-4.2.2.jar;C:\Users\serge\.m2\repository\org\hamcrest\hamcrest\3.0\hamcrest-3.0.jar;C:\Users\serge\.m2\repository\org\junit\jupiter\junit-jupiter\5.12.2\junit-jupiter-5.12.2.jar;C:\Users\serge\.m2\repository\org\junit\jupiter\junit-jupiter-params\5.12.2\junit-jupiter-params-5.12.2.jar;C:\Users\serge\.m2\repository\org\junit\jupiter\junit-jupiter-engine\5.12.2\junit-jupiter-engine-5.12.2.jar;C:\Users\serge\.m2\repository\org\junit\platform\junit-platform-engine\1.12.2\junit-platform-engine-1.12.2.jar;C:\Users\serge\.m2\repository\org\mockito\mockito-core\5.17.0\mockito-core-5.17.0.jar;C:\Users\serge\.m2\repository\net\bytebuddy\byte-buddy-agent\1.17.7\byte-buddy-agent-1.17.7.jar;C:\Users\serge\.m2\repository\org\objenesis\objenesis\3.3\objenesis-3.3.jar;C:\Users\serge\.m2\repository\org\mockito\mockito-junit-jupiter\5.17.0\mockito-junit-jupiter-5.17.0.jar;C:\Users\serge\.m2\repository\org\skyscreamer\jsonassert\1.5.3\jsonassert-1.5.3.jar;C:\Users\serge\.m2\repository\com\vaadin\external\google\android-json\0.0.20131108.vaadin1\android-json-0.0.20131108.vaadin1.jar;C:\Users\serge\.m2\repository\org\springframework\spring-core\6.2.10\spring-core-6.2.10.jar;C:\Users\serge\.m2\repository\org\springframework\spring-jcl\6.2.10\spring-jcl-6.2.10.jar;C:\Users\serge\.m2\repository\org\springframework\spring-test\6.2.10\spring-test-6.2.10.jar;C:\Users\serge\.m2\repository\org\xmlunit\xmlunit-core\2.10.3\xmlunit-core-2.10.3.jar;C:\Users\serge\.m2\repository\org\springdoc\springdoc-openapi-starter-webmvc-ui\2.8.8\springdoc-openapi-starter-webmvc-ui-2.8.8.jar;C:\Users\serge\.m2\repository\org\springdoc\springdoc-openapi-starter-webmvc-api\2.8.8\springdoc-openapi-starter-webmvc-api-2.8.8.jar;C:\Users\serge\.m2\repository\org\springdoc\springdoc-openapi-starter-common\2.8.8\springdoc-openapi-starter-common-2.8.8.jar;C:\Users\serge\.m2\repository\io\swagger\core\v3\swagger-core-jakarta\2.2.30\swagger-core-jakarta-2.2.30.jar;C:\Users\serge\.m2\repository\org\apache\commons\commons-lang3\3.18.0\commons-lang3-3.18.0.jar;C:\Users\serge\.m2\repository\io\swagger\core\v3\swagger-annotations-jakarta\2.2.30\swagger-annotations-jakarta-2.2.30.jar;C:\Users\serge\.m2\repository\io\swagger\core\v3\swagger-models-jakarta\2.2.30\swagger-models-jakarta-2.2.30.jar;C:\Users\serge\.m2\repository\com\fasterxml\jackson\dataformat\jackson-dataformat-yaml\2.19.2\jackson-dataformat-yaml-2.19.2.jar;C:\Users\serge\.m2\repository\org\webjars\swagger-ui\5.21.0\swagger-ui-5.21.0.jar;C:\Users\serge\.m2\repository\org\webjars\webjars-locator-lite\1.1.0\webjars-locator-lite-1.1.0.jar;C:\Users\serge\.m2\repository\org\junit\jupiter\junit-jupiter-api\5.13.4\junit-jupiter-api-5.13.4.jar;C:\Users\serge\.m2\repository\org\opentest4j\opentest4j\1.3.0\opentest4j-1.3.0.jar;C:\Users\serge\.m2\repository\org\junit\platform\junit-platform-commons\1.12.2\junit-platform-commons-1.12.2.jar;C:\Users\serge\.m2\repository\org\apiguardian\apiguardian-api\1.1.2\apiguardian-api-1.1.2.jar;C:\Users\serge\.m2\repository\com\auth0\java-jwt\4.5.0\java-jwt-4.5.0.jar;C:\Users\serge\.m2\repository\com\fasterxml\jackson\core\jackson-core\2.19.2\jackson-core-2.19.2.jar;C:\Users\serge\.m2\repository\com\fasterxml\jackson\core\jackson-databind\2.19.2\jackson-databind-2.19.2.jar;C:\Users\serge\.m2\repository\com\fasterxml\jackson\core\jackson-annotations\2.19.2\jackson-annotations-2.19.2.jar;C:\Users\serge\.m2\repository\org\springframework\security\spring-security-test\6.5.3\spring-security-test-6.5.3.jar;C:\Users\serge\.m2\repository\org\springframework\security\spring-security-core\6.5.3\spring-security-core-6.5.3.jar;C:\Users\serge\.m2\repository\org\springframework\security\spring-security-crypto\6.5.3\spring-security-crypto-6.5.3.jar;C:\Users\serge\.m2\repository\com\giffing\bucket4j\spring\boot\starter\bucket4j-spring-boot-starter\0.13.0\bucket4j-spring-boot-starter-0.13.0.jar;C:\Users\serge\.m2\repository\com\giffing\bucket4j\spring\boot\starter\bucket4j-spring-boot-starter-context\0.13.0\bucket4j-spring-boot-starter-context-0.13.0.jar;C:\Users\serge\.m2\repository\com\bucket4j\bucket4j_jdk17-jcache\8.14.0\bucket4j_jdk17-jcache-8.14.0.jar;C:\Users\serge\.m2\repository\com\bucket4j\bucket4j_jdk17-core\8.15.0\bucket4j_jdk17-core-8.15.0.jar;C:\Users\serge\.m2\repository\com\bucket4j\bucket4j_jdk17-redis-common\8.15.0\bucket4j_jdk17-redis-common-8.15.0.jar;C:\Users\serge\.m2\repository\com\bucket4j\bucket4j_jdk17-lettuce\8.15.0\bucket4j_jdk17-lettuce-8.15.0.jar;C:\Users\serge\.m2\repository\com\github\ben-manes\caffeine\caffeine\3.2.2\caffeine-3.2.2.jar;C:\Users\serge\.m2\repository\org\jspecify\jspecify\1.0.0\jspecify-1.0.0.jar;C:\Users\serge\.m2\repository\com\google\errorprone\error_prone_annotations\2.40.0\error_prone_annotations-2.40.0.jar;C:\Users\serge\.m2\repository\com\github\ben-manes\caffeine\jcache\3.2.2\jcache-3.2.2.jar;C:\Users\serge\.m2\repository\org\osgi\org.osgi.service.component.annotations\1.5.1\org.osgi.service.component.annotations-1.5.1.jar;C:\Users\serge\.m2\repository\org\osgi\osgi.annotation\8.1.0\osgi.annotation-8.1.0.jar;C:\Users\serge\.m2\repository\org\osgi\org.osgi.namespace.extender\1.0.1\org.osgi.namespace.extender-1.0.1.jar;C:\Users\serge\.m2\repository\org\osgi\org.osgi.util.function\1.0.0\org.osgi.util.function-1.0.0.jar;C:\Users\serge\.m2\repository\org\osgi\org.osgi.util.promise\1.0.0\org.osgi.util.promise-1.0.0.jar;C:\Users\serge\.m2\repository\jakarta\inject\jakarta.inject-api\2.0.1\jakarta.inject-api-2.0.1.jar;C:\Users\serge\.m2\repository\com\typesafe\config\1.4.4\config-1.4.4.jar;C:\Users\serge\.m2\repository\javax\cache\cache-api\1.1.1\cache-api-1.1.1.jar;C:\Users\serge\.m2\repository\org\springframework\boot\spring-boot-starter-cache\3.5.5\spring-boot-starter-cache-3.5.5.jar;C:\Users\serge\.m2\repository\org\springframework\spring-context-support\6.2.10\spring-context-support-6.2.10.jar;C:\Users\serge\.m2\repository\org\postgresql\postgresql\42.7.3\postgresql-42.7.3.jar;C:\Users\serge\.m2\repository\org\checkerframework\checker-qual\3.42.0\checker-qual-3.42.0.jar;C:\Users\serge\.m2\repository\org\jetbrains\annotations\17.0.0\annotations-17.0.0.jar;"/>
    <property name="java.vm.vendor" value="Microsoft"/>
    <property name="sun.arch.data.model" value="64"/>
    <property name="user.variant" value=""/>
    <property name="java.vendor.url" value="https://www.microsoft.com"/>
    <property name="catalina.useNaming" value="false"/>
    <property name="user.timezone" value="Europe/Moscow"/>
    <property name="org.jboss.logging.provider" value="slf4j"/>
    <property name="user.country.format" value="150"/>
    <property name="os.name" value="Windows 11"/>
    <property name="java.vm.specification.version" value="21"/>
    <property name="APPLICATION_NAME" value="game-recommender-ai"/>
    <property name="sun.java.launcher" value="SUN_STANDARD"/>
    <property name="user.country" value="US"/>
    <property name="sun.boot.library.path" value="C:\Users\serge\.jdks\ms-21.0.7\bin"/>
    <property name="sun.java.command" value="C:\Users\serge\AppData\Local\Temp\surefire7102828588379364750\surefirebooter-20251006195915985_3.jar C:\Users\serge\AppData\Local\Temp\surefire7102828588379364750 2025-10-06T19-59-15_836-jvmRun1 surefire-20251006195915985_1tmp surefire_0-20251006195915985_2tmp"/>
    <property name="jdk.debug" value="release"/>
    <property name="surefire.test.class.path" value="C:\Users\serge\IdeaProjects\GameRecommenderApp\game-recommender-ai\services\backend\target\test-classes;C:\Users\serge\IdeaProjects\GameRecommenderApp\game-recommender-ai\services\backend\target\classes;C:\Users\serge\.m2\repository\org\springframework\boot\spring-boot-starter-data-jpa\3.5.5\spring-boot-starter-data-jpa-3.5.5.jar;C:\Users\serge\.m2\repository\org\springframework\boot\spring-boot-starter\3.5.5\spring-boot-starter-3.5.5.jar;C:\Users\serge\.m2\repository\org\springframework\boot\spring-boot\3.5.5\spring-boot-3.5.5.jar;C:\Users\serge\.m2\repository\org\springframework\boot\spring-boot-autoconfigure\3.5.5\spring-boot-autoconfigure-3.5.5.jar;C:\Users\serge\.m2\repository\org\springframework\boot\spring-boot-starter-logging\3.5.5\spring-boot-starter-logging-3.5.5.jar;C:\Users\serge\.m2\repository\ch\qos\logback\logback-classic\1.5.18\logback-classic-1.5.18.jar;C:\Users\serge\.m2\repository\ch\qos\logback\logback-core\1.5.18\logback-core-1.5.18.jar;C:\Users\serge\.m2\repository\org\apache\logging\log4j\log4j-to-slf4j\2.24.3\log4j-to-slf4j-2.24.3.jar;C:\Users\serge\.m2\repository\org\apache\logging\log4j\log4j-api\2.24.3\log4j-api-2.24.3.jar;C:\Users\serge\.m2\repository\org\slf4j\jul-to-slf4j\2.0.17\jul-to-slf4j-2.0.17.jar;C:\Users\serge\.m2\repository\jakarta\annotation\jakarta.annotation-api\2.1.1\jakarta.annotation-api-2.1.1.jar;C:\Users\serge\.m2\repository\org\yaml\snakeyaml\2.4\snakeyaml-2.4.jar;C:\Users\serge\.m2\repository\org\springframework\boot\spring-boot-starter-jdbc\3.5.5\spring-boot-starter-jdbc-3.5.5.jar;C:\Users\serge\.m2\repository\com\zaxxer\HikariCP\6.3.2\HikariCP-6.3.2.jar;C:\Users\serge\.m2\repository\org\springframework\spring-jdbc\6.2.10\spring-jdbc-6.2.10.jar;C:\Users\serge\.m2\repository\org\hibernate\orm\hibernate-core\6.6.26.Final\hibernate-core-6.6.26.Final.jar;C:\Users\serge\.m2\repository\jakarta\persistence\jakarta.persistence-api\3.1.0\jakarta.persistence-api-3.1.0.jar;C:\Users\serge\.m2\repository\jakarta\transaction\jakarta.transaction-api\2.0.1\jakarta.transaction-api-2.0.1.jar;C:\Users\serge\.m2\repository\org\jboss\logging\jboss-logging\3.6.1.Final\jboss-logging-3.6.1.Final.jar;C:\Users\serge\.m2\repository\org\hibernate\common\hibernate-commons-annotations\7.0.3.Final\hibernate-commons-annotations-7.0.3.Final.jar;C:\Users\serge\.m2\repository\io\smallrye\jandex\3.2.0\jandex-3.2.0.jar;C:\Users\serge\.m2\repository\com\fasterxml\classmate\1.7.0\classmate-1.7.0.jar;C:\Users\serge\.m2\repository\net\bytebuddy\byte-buddy\1.17.7\byte-buddy-1.17.7.jar;C:\Users\serge\.m2\repository\org\glassfish\jaxb\jaxb-runtime\4.0.5\jaxb-runtime-4.0.5.jar;C:\Users\serge\.m2\repository\org\glassfish\jaxb\jaxb-core\4.0.5\jaxb-core-4.0.5.jar;C:\Users\serge\.m2\repository\org\eclipse\angus\angus-activation\2.0.2\angus-activation-2.0.2.jar;C:\Users\serge\.m2\repository\org\glassfish\jaxb\txw2\4.0.5\txw2-4.0.5.jar;C:\Users\serge\.m2\repository\com\sun\istack\istack-commons-runtime\4.1.2\istack-commons-runtime-4.1.2.jar;C:\Users\serge\.m2\repository\org\antlr\antlr4-runtime\4.13.0\antlr4-runtime-4.13.0.jar;C:\Users\serge\.m2\repository\org\springframework\data\spring-data-jpa\3.5.3\spring-data-jpa-3.5.3.jar;C:\Users\serge\.m2\repository\org\springframework\data\spring-data-commons\3.5.3\spring-data-commons-3.5.3.jar;C:\Users\serge\.m2\repository\org\springframework\spring-orm\6.2.10\spring-orm-6.2.10.jar;C:\Users\serge\.m2\repository\org\springframework\spring-context\6.2.10\spring-context-6.2.10.jar;C:\Users\serge\.m2\repository\org\springframework\spring-tx\6.2.10\spring-tx-6.2.10.jar;C:\Users\serge\.m2\repository\org\springframework\spring-beans\6.2.10\spring-beans-6.2.10.jar;C:\Users\serge\.m2\repository\org\slf4j\slf4j-api\2.0.17\slf4j-api-2.0.17.jar;C:\Users\serge\.m2\repository\org\springframework\spring-aspects\6.2.10\spring-aspects-6.2.10.jar;C:\Users\serge\.m2\repository\org\aspectj\aspectjweaver\1.9.24\aspectjweaver-1.9.24.jar;C:\Users\serge\.m2\repository\org\springframework\boot\spring-boot-starter-web\3.5.5\spring-boot-starter-web-3.5.5.jar;C:\Users\serge\.m2\repository\org\springframework\boot\spring-boot-starter-json\3.5.5\spring-boot-starter-json-3.5.5.jar;C:\Users\serge\.m2\repository\com\fasterxml\jackson\datatype\jackson-datatype-jdk8\2.19.2\jackson-datatype-jdk8-2.19.2.jar;C:\Users\serge\.m2\repository\com\fasterxml\jackson\datatype\jackson-datatype-jsr310\2.19.2\jackson-datatype-jsr310-2.19.2.jar;C:\Users\serge\.m2\repository\com\fasterxml\jackson\module\jackson-module-parameter-names\2.19.2\jackson-module-parameter-names-2.19.2.jar;C:\Users\serge\.m2\repository\org\springframework\boot\spring-boot-starter-tomcat\3.5.5\spring-boot-starter-tomcat-3.5.5.jar;C:\Users\serge\.m2\repository\org\apache\tomcat\embed\tomcat-embed-core\10.1.44\tomcat-embed-core-10.1.44.jar;C:\Users\serge\.m2\repository\org\apache\tomcat\embed\tomcat-embed-websocket\10.1.44\tomcat-embed-websocket-10.1.44.jar;C:\Users\serge\.m2\repository\org\springframework\spring-web\6.2.10\spring-web-6.2.10.jar;C:\Users\serge\.m2\repository\org\springframework\spring-webmvc\6.2.10\spring-webmvc-6.2.10.jar;C:\Users\serge\.m2\repository\org\springframework\spring-expression\6.2.10\spring-expression-6.2.10.jar;C:\Users\serge\.m2\repository\org\springframework\boot\spring-boot-starter-security\3.5.5\spring-boot-starter-security-3.5.5.jar;C:\Users\serge\.m2\repository\org\springframework\spring-aop\6.2.10\spring-aop-6.2.10.jar;C:\Users\serge\.m2\repository\org\springframework\security\spring-security-config\6.5.3\spring-security-config-6.5.3.jar;C:\Users\serge\.m2\repository\org\springframework\security\spring-security-web\6.5.3\spring-security-web-6.5.3.jar;C:\Users\serge\.m2\repository\io\lettuce\lettuce-core\6.4.0.RELEASE\lettuce-core-6.4.0.RELEASE.jar;C:\Users\serge\.m2\repository\io\netty\netty-common\4.1.124.Final\netty-common-4.1.124.Final.jar;C:\Users\serge\.m2\repository\io\netty\netty-handler\4.1.124.Final\netty-handler-4.1.124.Final.jar;C:\Users\serge\.m2\repository\io\netty\netty-resolver\4.1.124.Final\netty-resolver-4.1.124.Final.jar;C:\Users\serge\.m2\repository\io\netty\netty-buffer\4.1.124.Final\netty-buffer-4.1.124.Final.jar;C:\Users\serge\.m2\repository\io\netty\netty-transport-native-unix-common\4.1.124.Final\netty-transport-native-unix-common-4.1.124.Final.jar;C:\Users\serge\.m2\repository\io\netty\netty-codec\4.1.124.Final\netty-codec-4.1.124.Final.jar;C:\Users\serge\.m2\repository\io\netty\netty-transport\4.1.124.Final\netty-transport-4.1.124.Final.jar;C:\Users\serge\.m2\repository\io\projectreactor\reactor-core\3.7.9\reactor-core-3.7.9.jar;C:\Users\serge\.m2\repository\org\reactivestreams\reactive-streams\1.0.4\reactive-streams-1.0.4.jar;C:\Users\serge\.m2\repository\com\h2database\h2\2.3.232\h2-2.3.232.jar;C:\Users\serge\.m2\repository\org\springframework\boot\spring-boot-starter-webflux\3.5.5\spring-boot-starter-webflux-3.5.5.jar;C:\Users\serge\.m2\repository\org\springframework\boot\spring-boot-starter-reactor-netty\3.5.5\spring-boot-starter-reactor-netty-3.5.5.jar;C:\Users\serge\.m2\repository\io\projectreactor\netty\reactor-netty-http\1.2.9\reactor-netty-http-1.2.9.jar;C:\Users\serge\.m2\repository\io\netty\netty-codec-http\4.1.124.Final\netty-codec-http-4.1.124.Final.jar;C:\Users\serge\.m2\repository\io\netty\netty-codec-http2\4.1.124.Final\netty-codec-http2-4.1.124.Final.jar;C:\Users\serge\.m2\repository\io\netty\netty-resolver-dns\4.1.124.Final\netty-resolver-dns-4.1.124.Final.jar;C:\Users\serge\.m2\repository\io\netty\netty-codec-dns\4.1.124.Final\netty-codec-dns-4.1.124.Final.jar;C:\Users\serge\.m2\repository\io\netty\netty-resolver-dns-native-macos\4.1.124.Final\netty-resolver-dns-native-macos-4.1.124.Final-osx-x86_64.jar;C:\Users\serge\.m2\repository\io\netty\netty-resolver-dns-classes-macos\4.1.124.Final\netty-resolver-dns-classes-macos-4.1.124.Final.jar;C:\Users\serge\.m2\repository\io\netty\netty-transport-native-epoll\4.1.124.Final\netty-transport-native-epoll-4.1.124.Final-linux-x86_64.jar;C:\Users\serge\.m2\repository\io\netty\netty-transport-classes-epoll\4.1.124.Final\netty-transport-classes-epoll-4.1.124.Final.jar;C:\Users\serge\.m2\repository\io\projectreactor\netty\reactor-netty-core\1.2.9\reactor-netty-core-1.2.9.jar;C:\Users\serge\.m2\repository\io\netty\netty-handler-proxy\4.1.124.Final\netty-handler-proxy-4.1.124.Final.jar;C:\Users\serge\.m2\repository\io\netty\netty-codec-socks\4.1.124.Final\netty-codec-socks-4.1.124.Final.jar;C:\Users\serge\.m2\repository\org\springframework\spring-webflux\6.2.10\spring-webflux-6.2.10.jar;C:\Users\serge\.m2\repository\org\springframework\boot\spring-boot-starter-actuator\3.5.5\spring-boot-starter-actuator-3.5.5.jar;C:\Users\serge\.m2\repository\org\springframework\boot\spring-boot-actuator-autoconfigure\3.5.5\spring-boot-actuator-autoconfigure-3.5.5.jar;C:\Users\serge\.m2\repository\org\springframework\boot\spring-boot-actuator\3.5.5\spring-boot-actuator-3.5.5.jar;C:\Users\serge\.m2\repository\io\micrometer\micrometer-observation\1.15.3\micrometer-observation-1.15.3.jar;C:\Users\serge\.m2\repository\io\micrometer\micrometer-commons\1.15.3\micrometer-commons-1.15.3.jar;C:\Users\serge\.m2\repository\io\micrometer\micrometer-jakarta9\1.15.3\micrometer-jakarta9-1.15.3.jar;C:\Users\serge\.m2\repository\io\micrometer\micrometer-registry-prometheus\1.15.3\micrometer-registry-prometheus-1.15.3.jar;C:\Users\serge\.m2\repository\io\micrometer\micrometer-core\1.15.3\micrometer-core-1.15.3.jar;C:\Users\serge\.m2\repository\org\hdrhistogram\HdrHistogram\2.2.2\HdrHistogram-2.2.2.jar;C:\Users\serge\.m2\repository\org\latencyutils\LatencyUtils\2.0.3\LatencyUtils-2.0.3.jar;C:\Users\serge\.m2\repository\io\prometheus\prometheus-metrics-core\1.3.10\prometheus-metrics-core-1.3.10.jar;C:\Users\serge\.m2\repository\io\prometheus\prometheus-metrics-model\1.3.10\prometheus-metrics-model-1.3.10.jar;C:\Users\serge\.m2\repository\io\prometheus\prometheus-metrics-config\1.3.10\prometheus-metrics-config-1.3.10.jar;C:\Users\serge\.m2\repository\io\prometheus\prometheus-metrics-tracer-common\1.3.10\prometheus-metrics-tracer-common-1.3.10.jar;C:\Users\serge\.m2\repository\io\prometheus\prometheus-metrics-exposition-formats\1.3.10\prometheus-metrics-exposition-formats-1.3.10.jar;C:\Users\serge\.m2\repository\io\prometheus\prometheus-metrics-exposition-textformats\1.3.10\prometheus-metrics-exposition-textformats-1.3.10.jar;C:\Users\serge\.m2\repository\net\devh\grpc-client-spring-boot-starter\3.1.0.RELEASE\grpc-client-spring-boot-starter-3.1.0.RELEASE.jar;C:\Users\serge\.m2\repository\net\devh\grpc-common-spring-boot\3.1.0.RELEASE\grpc-common-spring-boot-3.1.0.RELEASE.jar;C:\Users\serge\.m2\repository\io\grpc\grpc-core\1.63.0\grpc-core-1.63.0.jar;C:\Users\serge\.m2\repository\com\google\code\gson\gson\2.13.1\gson-2.13.1.jar;C:\Users\serge\.m2\repository\com\google\android\annotations\4.1.1.4\annotations-4.1.1.4.jar;C:\Users\serge\.m2\repository\org\codehaus\mojo\animal-sniffer-annotations\1.23\animal-sniffer-annotations-1.23.jar;C:\Users\serge\.m2\repository\io\grpc\grpc-context\1.63.0\grpc-context-1.63.0.jar;C:\Users\serge\.m2\repository\jakarta\validation\jakarta.validation-api\3.0.2\jakarta.validation-api-3.0.2.jar;C:\Users\serge\.m2\repository\io\grpc\grpc-inprocess\1.63.0\grpc-inprocess-1.63.0.jar;C:\Users\serge\.m2\repository\io\grpc\grpc-api\1.63.0\grpc-api-1.63.0.jar;C:\Users\serge\.m2\repository\com\google\guava\guava\32.1.3-android\guava-32.1.3-android.jar;C:\Users\serge\.m2\repository\com\google\guava\failureaccess\1.0.1\failureaccess-1.0.1.jar;C:\Users\serge\.m2\repository\com\google\guava\listenablefuture\9999.0-empty-to-avoid-conflict-with-guava\listenablefuture-9999.0-empty-to-avoid-conflict-with-guava.jar;C:\Users\serge\.m2\repository\com\google\j2objc\j2objc-annotations\2.8\j2objc-annotations-2.8.jar;C:\Users\serge\.m2\repository\io\grpc\grpc-netty-shaded\1.63.0\grpc-netty-shaded-1.63.0.jar;C:\Users\serge\.m2\repository\io\grpc\grpc-util\1.63.0\grpc-util-1.63.0.jar;C:\Users\serge\.m2\repository\io\perfmark\perfmark-api\0.26.0\perfmark-api-0.26.0.jar;C:\Users\serge\.m2\repository\io\grpc\grpc-protobuf\1.63.0\grpc-protobuf-1.63.0.jar;C:\Users\serge\.m2\repository\com\google\code\findbugs\jsr305\3.0.2\jsr305-3.0.2.jar;C:\Users\serge\.m2\repository\com\google\protobuf\protobuf-java\4.28.2\protobuf-java-4.28.2.jar;C:\Users\serge\.m2\repository\com\google\api\grpc\proto-google-common-protos\2.29.0\proto-google-common-protos-2.29.0.jar;C:\Users\serge\.m2\repository\io\grpc\grpc-protobuf-lite\1.63.0\grpc-protobuf-lite-1.63.0.jar;C:\Users\serge\.m2\repository\io\grpc\grpc-stub\1.63.0\grpc-stub-1.63.0.jar;C:\Users\serge\.m2\repository\org\springframework\boot\spring-boot-starter-validation\3.5.5\spring-boot-starter-validation-3.5.5.jar;C:\Users\serge\.m2\repository\org\apache\tomcat\embed\tomcat-embed-el\10.1.44\tomcat-embed-el-10.1.44.jar;C:\Users\serge\.m2\repository\org\hibernate\validator\hibernate-validator\8.0.3.Final\hibernate-validator-8.0.3.Final.jar;C:\Users\serge\.m2\repository\javax\annotation\javax.annotation-api\1.3.2\javax.annotation-api-1.3.2.jar;C:\Users\serge\.m2\repository\org\projectlombok\lombok\1.18.38\lombok-1.18.38.jar;C:\Users\serge\.m2\repository\org\springframework\boot\spring-boot-starter-test\3.5.5\spring-boot-starter-test-3.5.5.jar;C:\Users\serge\.m2\repository\org\springframework\boot\spring-boot-test\3.5.5\spring-boot-test-3.5.5.jar;C:\Users\serge\.m2\repository\org\springframework\boot\spring-boot-test-autoconfigure\3.5.5\spring-boot-test-autoconfigure-3.5.5.jar;C:\Users\serge\.m2\repository\com\jayway\jsonpath\json-path\2.9.0\json-path-2.9.0.jar;C:\Users\serge\.m2\repository\jakarta\xml\bind\jakarta.xml.bind-api\4.0.2\jakarta.xml.bind-api-4.0.2.jar;C:\Users\serge\.m2\repository\jakarta\activation\jakarta.activation-api\2.1.3\jakarta.activation-api-2.1.3.jar;C:\Users\serge\.m2\repository\net\minidev\json-smart\2.5.2\json-smart-2.5.2.jar;C:\Users\serge\.m2\repository\net\minidev\accessors-smart\2.5.2\accessors-smart-2.5.2.jar;C:\Users\serge\.m2\repository\org\ow2\asm\asm\9.7.1\asm-9.7.1.jar;C:\Users\serge\.m2\repository\org\assertj\assertj-core\3.27.4\assertj-core-3.27.4.jar;C:\Users\serge\.m2\repository\org\awaitility\awaitility\4.2.2\awaitility-4.2.2.jar;C:\Users\serge\.m2\repository\org\hamcrest\hamcrest\3.0\hamcrest-3.0.jar;C:\Users\serge\.m2\repository\org\junit\jupiter\junit-jupiter\5.12.2\junit-jupiter-5.12.2.jar;C:\Users\serge\.m2\repository\org\junit\jupiter\junit-jupiter-params\5.12.2\junit-jupiter-params-5.12.2.jar;C:\Users\serge\.m2\repository\org\junit\jupiter\junit-jupiter-engine\5.12.2\junit-jupiter-engine-5.12.2.jar;C:\Users\serge\.m2\repository\org\junit\platform\junit-platform-engine\1.12.2\junit-platform-engine-1.12.2.jar;C:\Users\serge\.m2\repository\org\mockito\mockito-core\5.17.0\mockito-core-5.17.0.jar;C:\Users\serge\.m2\repository\net\bytebuddy\byte-buddy-agent\1.17.7\byte-buddy-agent-1.17.7.jar;C:\Users\serge\.m2\repository\org\objenesis\objenesis\3.3\objenesis-3.3.jar;C:\Users\serge\.m2\repository\org\mockito\mockito-junit-jupiter\5.17.0\mockito-junit-jupiter-5.17.0.jar;C:\Users\serge\.m2\repository\org\skyscreamer\jsonassert\1.5.3\jsonassert-1.5.3.jar;C:\Users\serge\.m2\repository\com\vaadin\external\google\android-json\0.0.20131108.vaadin1\android-json-0.0.20131108.vaadin1.jar;C:\Users\serge\.m2\repository\org\springframework\spring-core\6.2.10\spring-core-6.2.10.jar;C:\Users\serge\.m2\repository\org\springframework\spring-jcl\6.2.10\spring-jcl-6.2.10.jar;C:\Users\serge\.m2\repository\org\springframework\spring-test\6.2.10\spring-test-6.2.10.jar;C:\Users\serge\.m2\repository\org\xmlunit\xmlunit-core\2.10.3\xmlunit-core-2.10.3.jar;C:\Users\serge\.m2\repository\org\springdoc\springdoc-openapi-starter-webmvc-ui\2.8.8\springdoc-openapi-starter-webmvc-ui-2.8.8.jar;C:\Users\serge\.m2\repository\org\springdoc\springdoc-openapi-starter-webmvc-api\2.8.8\springdoc-openapi-starter-webmvc-api-2.8.8.jar;C:\Users\serge\.m2\repository\org\springdoc\springdoc-openapi-starter-common\2.8.8\springdoc-openapi-starter-common-2.8.8.jar;C:\Users\serge\.m2\repository\io\swagger\core\v3\swagger-core-jakarta\2.2.30\swagger-core-jakarta-2.2.30.jar;C:\Users\serge\.m2\repository\org\apache\commons\commons-lang3\3.18.0\commons-lang3-3.18.0.jar;C:\Users\serge\.m2\repository\io\swagger\core\v3\swagger-annotations-jakarta\2.2.30\swagger-annotations-jakarta-2.2.30.jar;C:\Users\serge\.m2\repository\io\swagger\core\v3\swagger-models-jakarta\2.2.30\swagger-models-jakarta-2.2.30.jar;C:\Users\serge\.m2\repository\com\fasterxml\jackson\dataformat\jackson-dataformat-yaml\2.19.2\jackson-dataformat-yaml-2.19.2.jar;C:\Users\serge\.m2\repository\org\webjars\swagger-ui\5.21.0\swagger-ui-5.21.0.jar;C:\Users\serge\.m2\repository\org\webjars\webjars-locator-lite\1.1.0\webjars-locator-lite-1.1.0.jar;C:\Users\serge\.m2\repository\org\junit\jupiter\junit-jupiter-api\5.13.4\junit-jupiter-api-5.13.4.jar;C:\Users\serge\.m2\repository\org\opentest4j\opentest4j\1.3.0\opentest4j-1.3.0.jar;C:\Users\serge\.m2\repository\org\junit\platform\junit-platform-commons\1.12.2\junit-platform-commons-1.12.2.jar;C:\Users\serge\.m2\repository\org\apiguardian\apiguardian-api\1.1.2\apiguardian-api-1.1.2.jar;C:\Users\serge\.m2\repository\com\auth0\java-jwt\4.5.0\java-jwt-4.5.0.jar;C:\Users\serge\.m2\repository\com\fasterxml\jackson\core\jackson-core\2.19.2\jackson-core-2.19.2.jar;C:\Users\serge\.m2\repository\com\fasterxml\jackson\core\jackson-databind\2.19.2\jackson-databind-2.19.2.jar;C:\Users\serge\.m2\repository\com\fasterxml\jackson\core\jackson-annotations\2.19.2\jackson-annotations-2.19.2.jar;C:\Users\serge\.m2\repository\org\springframework\security\spring-security-test\6.5.3\spring-security-test-6.5.3.jar;C:\Users\serge\.m2\repository\org\springframework\security\spring-security-core\6.5.3\spring-security-core-6.5.3.jar;C:\Users\serge\.m2\repository\org\springframework\security\spring-security-crypto\6.5.3\spring-security-crypto-6.5.3.jar;C:\Users\serge\.m2\repository\com\giffing\bucket4j\spring\boot\starter\bucket4j-spring-boot-starter\0.13.0\bucket4j-spring-boot-starter-0.13.0.jar;C:\Users\serge\.m2\repository\com\giffing\bucket4j\spring\boot\starter\bucket4j-spring-boot-starter-context\0.13.0\bucket4j-spring-boot-starter-context-0.13.0.jar;C:\Users\serge\.m2\repository\com\bucket4j\bucket4j_jdk17-jcache\8.14.0\bucket4j_jdk17-jcache-8.14.0.jar;C:\Users\serge\.m2\repository\com\bucket4j\bucket4j_jdk17-core\8.15.0\bucket4j_jdk17-core-8.15.0.jar;C:\Users\serge\.m2\repository\com\bucket4j\bucket4j_jdk17-redis-common\8.15.0\bucket4j_jdk17-redis-common-8.15.0.jar;C:\Users\serge\.m2\repository\com\bucket4j\bucket4j_jdk17-lettuce\8.15.0\bucket4j_jdk17-lettuce-8.15.0.jar;C:\Users\serge\.m2\repository\com\github\ben-manes\caffeine\caffeine\3.2.2\caffeine-3.2.2.jar;C:\Users\serge\.m2\repository\org\jspecify\jspecify\1.0.0\jspecify-1.0.0.jar;C:\Users\serge\.m2\repository\com\google\errorprone\error_prone_annotations\2.40.0\error_prone_annotations-2.40.0.jar;C:\Users\serge\.m2\repository\com\github\ben-manes\caffeine\jcache\3.2.2\jcache-3.2.2.jar;C:\Users\serge\.m2\repository\org\osgi\org.osgi.service.component.annotations\1.5.1\org.osgi.service.component.annotations-1.5.1.jar;C:\Users\serge\.m2\repository\org\osgi\osgi.annotation\8.1.0\osgi.annotation-8.1.0.jar;C:\Users\serge\.m2\repository\org\osgi\org.osgi.namespace.extender\1.0.1\org.osgi.namespace.extender-1.0.1.jar;C:\Users\serge\.m2\repository\org\osgi\org.osgi.util.function\1.0.0\org.osgi.util.function-1.0.0.jar;C:\Users\serge\.m2\repository\org\osgi\org.osgi.util.promise\1.0.0\org.osgi.util.promise-1.0.0.jar;C:\Users\serge\.m2\repository\jakarta\inject\jakarta.inject-api\2.0.1\jakarta.inject-api-2.0.1.jar;C:\Users\serge\.m2\repository\com\typesafe\config\1.4.4\config-1.4.4.jar;C:\Users\serge\.m2\repository\javax\cache\cache-api\1.1.1\cache-api-1.1.1.jar;C:\Users\serge\.m2\repository\org\springframework\boot\spring-boot-starter-cache\3.5.5\spring-boot-starter-cache-3.5.5.jar;C:\Users\serge\.m2\repository\org\springframework\spring-context-support\6.2.10\spring-context-support-6.2.10.jar;C:\Users\serge\.m2\repository\org\postgresql\postgresql\42.7.3\postgresql-42.7.3.jar;C:\Users\serge\.m2\repository\org\checkerframework\checker-qual\3.42.0\checker-qual-3.42.0.jar;C:\Users\serge\.m2\repository\org\jetbrains\annotations\17.0.0\annotations-17.0.0.jar;"/>
    <property name="sun.cpu.endian" value="little"/>
    <property name="user.home" value="C:\Users\serge"/>
    <property name="user.language" value="en"/>
    <property name="java.specification.vendor" value="Oracle Corporation"/>
    <property name="java.version.date" value="2025-04-15"/>
    <property name="java.home" value="C:\Users\serge\.jdks\ms-21.0.7"/>
    <property name="file.separator" value="\"/>
    <property name="basedir" value="C:\Users\serge\IdeaProjects\GameRecommenderApp\game-recommender-ai\services\backend"/>
    <property name="java.vm.compressedOopsMode" value="Zero based"/>
    <property name="line.separator" value="&#10;"/>
    <property name="java.vm.specification.vendor" value="Oracle Corporation"/>
    <property name="java.specification.name" value="Java Platform API Specification"/>
    <property name="FILE_LOG_CHARSET" value="UTF-8"/>
    <property name="java.awt.headless" value="true"/>
    <property name="surefire.real.class.path" value="C:\Users\serge\AppData\Local\Temp\surefire7102828588379364750\surefirebooter-20251006195915985_3.jar"/>
    <property name="user.script" value=""/>
    <property name="sun.management.compiler" value="HotSpot 64-Bit Tiered Compilers"/>
    <property name="java.runtime.version" value="21.0.7+6-LTS"/>
    <property name="user.name" value="Main_user"/>
    <property name="stdout.encoding" value="Cp1252"/>
    <property name="path.separator" value=";"/>
    <property name="os.version" value="10.0"/>
    <property name="java.runtime.name" value="OpenJDK Runtime Environment"/>
    <property name="file.encoding" value="UTF-8"/>
    <property name="java.vm.name" value="OpenJDK 64-Bit Server VM"/>
    <property name="java.vendor.version" value="Microsoft-11369940"/>
    <property name="localRepository" value="C:\Users\serge\.m2\repository"/>
    <property name="java.vendor.url.bug" value="https://github.com/microsoft/openjdk/issues"/>
    <property name="java.io.tmpdir" value="C:\Users\serge\AppData\Local\Temp\"/>
    <property name="idea.version" value="2024.3"/>
    <property name="catalina.home" value="C:\Users\serge\AppData\Local\Temp\tomcat.0.6288389914770461041"/>
    <property name="com.zaxxer.hikari.pool_number" value="1"/>
    <property name="java.version" value="21.0.7"/>
    <property name="user.dir" value="C:\Users\serge\IdeaProjects\GameRecommenderApp\game-recommender-ai\services\backend"/>
    <property name="os.arch" value="amd64"/>
    <property name="java.vm.specification.name" value="Java Virtual Machine Specification"/>
    <property name="PID" value="102624"/>
    <property name="sun.os.patch.level" value=""/>
    <property name="CONSOLE_LOG_CHARSET" value="UTF-8"/>
    <property name="catalina.base" value="C:\Users\serge\AppData\Local\Temp\tomcat.0.6288389914770461041"/>
    <property name="native.encoding" value="Cp1252"/>
    <property name="java.library.path" value="C:\Users\serge\.jdks\ms-21.0.7\bin;C:\Windows\Sun\Java\bin;C:\Windows\system32;C:\Windows;C:\Program Files\Java\jdk-24\bin;C:\Program Files\Common Files\Oracle\Java\javapath;C:\Program Files (x86)\Common Files\Oracle\Java\java8path;C:\Program Files (x86)\Common Files\Oracle\Java\javapath;C:\Program Files (x86)\Razer Chroma SDK\bin;C:\Program Files\Razer Chroma SDK\bin;C:\Program Files (x86)\Razer\ChromaBroadcast\bin;C:\Program Files\Razer\ChromaBroadcast\bin;C:\Program Files (x86)\Common Files\Intel\Shared Libraries\redist\intel64\compiler;C:\Windows\system32;C:\Windows;C:\Windows\System32\Wbem;C:\Windows\System32\WindowsPowerShell\v1.0\;C:\Windows\System32\OpenSSH\;C:\Program Files (x86)\NVIDIA Corporation\PhysX\Common;C:\Program Files (x86)\QuickTime\QTSystem\;C:\Windows\system32\config\systemprofile\AppData\Local\Microsoft\WindowsApps;C:\Program Files\Git\cmd;C:\Program Files\NVIDIA Corporation\NVIDIA app\NvDLISR;C:\Program Files\apache-maven-3.9.11\bin;;C:\Program Files\Docker\Docker\resources\bin;C:\Users\serge\AppData\Local\Programs\Python\Launcher\;C:\Users\serge\AppData\Local\Microsoft\WindowsApps;C:\Users\serge\AppData\Local\Programs\Microsoft VS Code\bin;C:\Users\serge\AppData\Local\Programs\Python\Python313;C:\Users\serge\AppData\Local\Programs\Python\Python313\Scripts;;."/>
    <property name="java.vm.info" value="mixed mode, sharing"/>
    <property name="stderr.encoding" value="Cp1252"/>
    <property name="java.vendor" value="Microsoft"/>
    <property name="java.vm.version" value="21.0.7+6-LTS"/>
    <property name="sun.io.unicode.encoding" value="UnicodeLittle"/>
    <property name="java.class.version" value="65.0"/>
    <property name="LOGGED_APPLICATION_NAME" value="[game-recommender-ai] "/>
  </properties>
  <testcase name="givenNonExistsUser_whenFindBySteamId_thenThrowsException" classname="ru.perevalov.gamerecommenderai.service.UserServiceTest" time="0.146"/>
  <testcase name="givenNonExistsUser_whenCreateIfNotExists_thenReturnNewUser" classname="ru.perevalov.gamerecommenderai.service.UserServiceTest" time="0.006">
    <system-out><![CDATA[&amp#27;[35m2025-10-06 19:59:33.132&amp#27;[0;39m &amp#27;[32m[main]&amp#27;[0;39m &amp#27;[34m| INFO  |&amp#27;[0;39m &amp#27;[36mr.p.g.service.UserService&amp#27;[0;39m &amp#27;[33m[RequestID: N/A]&amp#27;[0;39m - Created new user with steamId=76561197973845818 (userId=0c63e621-efa0-4307-83a2-e5a91a0295d6).
]]></system-out>
  </testcase>
  <testcase name="givenExistsUser_whenFindBySteamId_thenReturnCurrentUser" classname="ru.perevalov.gamerecommenderai.service.UserServiceTest" time="0.003">
    <system-out><![CDATA[&amp#27;[35m2025-10-06 19:59:33.138&amp#27;[0;39m &amp#27;[32m[main]&amp#27;[0;39m &amp#27;[34m| INFO  |&amp#27;[0;39m &amp#27;[36mr.p.g.service.UserService&amp#27;[0;39m &amp#27;[33m[RequestID: N/A]&amp#27;[0;39m - User with steamId=76561197973845818 found in DB (userId=fc309f70-efa2-4aa5-aec6-9fd8959ebb6f).
]]></system-out>
  </testcase>
  <testcase name="givenExistsUser_whenCreateIfNotExists_thenReturnCurrentUser" classname="ru.perevalov.gamerecommenderai.service.UserServiceTest" time="0.002"/>
</testsuite>